\BOOKMARK [1][-]{section.1}{1 Abstract}{}% 1
\BOOKMARK [1][-]{section.2}{2 Introduction}{}% 2
\BOOKMARK [1][-]{section.3}{3 Methods}{}% 3
\BOOKMARK [2][-]{subsection.3.1}{3.1 Overall Chain-level Dataset Filters}{section.3}% 4
\BOOKMARK [2][-]{subsection.3.2}{3.2 Residue-level Dataset Filters}{section.3}% 5
\BOOKMARK [2][-]{subsection.3.3}{3.3 Determination of Distributions, Scores, and Contours}{section.3}% 6
\BOOKMARK [2][-]{subsection.3.4}{3.4 \040and Covalent Bond Angle Statistics}{section.3}% 7
\BOOKMARK [2][-]{subsection.3.5}{3.5 Rotamer Assignment and Score}{section.3}% 8
\BOOKMARK [1][-]{section.4}{4 Results}{}% 9
\BOOKMARK [2][-]{subsection.4.1}{4.1 Residue Filter Effects}{section.4}% 10
\BOOKMARK [2][-]{subsection.4.2}{4.2 Rotamer Evaluation}{section.4}% 11
\BOOKMARK [2][-]{subsection.4.3}{4.3 Dihedral and Bond Angle Deviations}{section.4}% 12
\BOOKMARK [2][-]{subsection.4.4}{4.4 Interesting Rotamer Anecdotes}{section.4}% 13
\BOOKMARK [3][-]{subsubsection.4.4.1}{4.4.1 Glutamate pm20 \046 mp0}{subsection.4.4}% 14
\BOOKMARK [3][-]{subsubsection.4.4.2}{4.4.2 Isoleucine pp}{subsection.4.4}% 15
\BOOKMARK [3][-]{subsubsection.4.4.3}{4.4.3 Methionine mpm}{subsection.4.4}% 16
\BOOKMARK [2][-]{subsection.4.5}{4.5 Conformations Between Tetrahedral and Planar Atoms}{section.4}% 17
\BOOKMARK [1][-]{section.5}{5 Discussion}{}% 18
\BOOKMARK [2][-]{subsection.5.1}{5.1 In what sense is this ultimate?}{section.5}% 19
\BOOKMARK [2][-]{subsection.5.2}{5.2 Use of the Top8000 rotamer distributions in model building}{section.5}% 20
\BOOKMARK [2][-]{subsection.5.3}{5.3 I have a rotamer outlier; is it wrong?}{section.5}% 21
\BOOKMARK [1][-]{section.6}{6 References}{}% 22
\BOOKMARK [1][-]{section.7}{7 Figure Legends}{}% 23
\BOOKMARK [1][-]{section.8}{8 Tables}{}% 24
\BOOKMARK [1][-]{section.9}{9 Figures}{}% 25
\BOOKMARK [1][-]{section.10}{10 Acknowledgments}{}% 26
