\BOOKMARK [1][-]{section.1}{1 Filtered Top8000 Residue Counts}{}% 1
\BOOKMARK [1][-]{section.2}{2 Top8000 Filtered Dataset: Rotamer Frequency}{}% 2
\BOOKMARK [1][-]{section.3}{3 \040and Covalent Bond Angle Central Values}{}% 3
\BOOKMARK [2][-]{subsection.3.1}{3.1 SER}{section.3}% 4
\BOOKMARK [2][-]{subsection.3.2}{3.2 CYS}{section.3}% 5
\BOOKMARK [2][-]{subsection.3.3}{3.3 THR}{section.3}% 6
\BOOKMARK [2][-]{subsection.3.4}{3.4 VAL}{section.3}% 7
\BOOKMARK [2][-]{subsection.3.5}{3.5 PRO}{section.3}% 8
\BOOKMARK [2][-]{subsection.3.6}{3.6 LEU}{section.3}% 9
\BOOKMARK [2][-]{subsection.3.7}{3.7 ILE}{section.3}% 10
\BOOKMARK [2][-]{subsection.3.8}{3.8 ASN}{section.3}% 11
\BOOKMARK [2][-]{subsection.3.9}{3.9 ASP}{section.3}% 12
\BOOKMARK [2][-]{subsection.3.10}{3.10 HIS}{section.3}% 13
\BOOKMARK [2][-]{subsection.3.11}{3.11 PHE}{section.3}% 14
\BOOKMARK [2][-]{subsection.3.12}{3.12 TYR}{section.3}% 15
\BOOKMARK [2][-]{subsection.3.13}{3.13 TRP}{section.3}% 16
\BOOKMARK [2][-]{subsection.3.14}{3.14 MET}{section.3}% 17
\BOOKMARK [2][-]{subsection.3.15}{3.15 GLU}{section.3}% 18
\BOOKMARK [2][-]{subsection.3.16}{3.16 GLN}{section.3}% 19
\BOOKMARK [2][-]{subsection.3.17}{3.17 ARG}{section.3}% 20
\BOOKMARK [2][-]{subsection.3.18}{3.18 LYS}{section.3}% 21
